[INFO  - 2017-12-19T08:57:55.978Z] GhostDriver - Main - running on port 60198
[INFO  - 2017-12-19T08:57:59.080Z] Session [b62c1bd0-e49a-11e7-a116-c974ee94438c] - page.settings - {"XSSAuditingEnabled":false,"javascriptCanCloseWindows":true,"javascriptCanOpenWindows":true,"javascriptEnabled":true,"loadImages":true,"localToRemoteUrlAccessEnabled":false,"userAgent":"Mozilla/5.0 (Windows NT 6.2; WOW64) AppleWebKit/538.1 (KHTML, like Gecko) PhantomJS/2.1.1 Safari/538.1","webSecurityEnabled":true}
[INFO  - 2017-12-19T08:57:59.080Z] Session [b62c1bd0-e49a-11e7-a116-c974ee94438c] - page.customHeaders:  - {}
[INFO  - 2017-12-19T08:57:59.081Z] Session [b62c1bd0-e49a-11e7-a116-c974ee94438c] - Session.negotiatedCapabilities - {"browserName":"phantomjs","version":"2.1.1","driverName":"ghostdriver","driverVersion":"1.2.0","platform":"windows-10-32bit","javascriptEnabled":true,"takesScreenshot":true,"handlesAlerts":false,"databaseEnabled":false,"locationContextEnabled":false,"applicationCacheEnabled":false,"browserConnectionEnabled":false,"cssSelectorsEnabled":true,"webStorageEnabled":false,"rotatable":false,"acceptSslCerts":false,"nativeEvents":true,"proxy":{"proxyType":"direct"}}
[INFO  - 2017-12-19T08:57:59.081Z] SessionManagerReqHand - _postNewSessionCommand - New Session Created: b62c1bd0-e49a-11e7-a116-c974ee94438c
[ERROR - 2017-12-19T08:58:04.862Z] Session [b62c1bd0-e49a-11e7-a116-c974ee94438c] - page.onError - msg: TypeError: undefined is not a constructor (evaluating 'jQuery110205212302540894598_1513673882064')

  phantomjs://platform/console++.js:263 in error
[ERROR - 2017-12-19T08:58:04.863Z] Session [b62c1bd0-e49a-11e7-a116-c974ee94438c] - page.onError - stack:
  global code (https://sp0.baidu.com/5a1Fazu8AA54nxGko9WTAnF6hhy/su?wd=p&json=1&p=3&sid=&csor=1&cb=jQuery110205212302540894598_1513673882064&_=1513673882066:1)

  phantomjs://platform/console++.js:263 in error
[ERROR - 2017-12-19T08:58:04.863Z] Session [b62c1bd0-e49a-11e7-a116-c974ee94438c] - page.onError - msg: TypeError: undefined is not a constructor (evaluating 'jQuery110205212302540894598_1513673882064')

  phantomjs://platform/console++.js:263 in error
[ERROR - 2017-12-19T08:58:04.863Z] Session [b62c1bd0-e49a-11e7-a116-c974ee94438c] - page.onError - stack:
  global code (https://sp0.baidu.com/5a1Fazu8AA54nxGko9WTAnF6hhy/su?wd=pytho&json=1&p=3&sid=&csor=5&pwd=pyth&cb=jQuery110205212302540894598_1513673882064&_=1513673882070:1)

  phantomjs://platform/console++.js:263 in error
[ERROR - 2017-12-19T08:58:04.864Z] Session [b62c1bd0-e49a-11e7-a116-c974ee94438c] - page.onError - msg: TypeError: undefined is not a constructor (evaluating 'jQuery110205212302540894598_1513673882064')

  phantomjs://platform/console++.js:263 in error
[ERROR - 2017-12-19T08:58:04.864Z] Session [b62c1bd0-e49a-11e7-a116-c974ee94438c] - page.onError - stack:
  global code (https://sp0.baidu.com/5a1Fazu8AA54nxGko9WTAnF6hhy/su?wd=py&json=1&p=3&sid=&csor=2&pwd=p&cb=jQuery110205212302540894598_1513673882064&_=1513673882067:1)

  phantomjs://platform/console++.js:263 in error
[ERROR - 2017-12-19T08:58:04.865Z] Session [b62c1bd0-e49a-11e7-a116-c974ee94438c] - page.onError - msg: TypeError: undefined is not a constructor (evaluating 'jQuery110205212302540894598_1513673882064')

  phantomjs://platform/console++.js:263 in error
[ERROR - 2017-12-19T08:58:04.866Z] Session [b62c1bd0-e49a-11e7-a116-c974ee94438c] - page.onError - stack:
  global code (https://sp0.baidu.com/5a1Fazu8AA54nxGko9WTAnF6hhy/su?wd=pyth&json=1&p=3&sid=&csor=4&pwd=pyt&cb=jQuery110205212302540894598_1513673882064&_=1513673882069:1)

  phantomjs://platform/console++.js:263 in error
[ERROR - 2017-12-19T08:58:04.867Z] Session [b62c1bd0-e49a-11e7-a116-c974ee94438c] - page.onError - msg: TypeError: undefined is not a constructor (evaluating 'jQuery110205212302540894598_1513673882064')

  phantomjs://platform/console++.js:263 in error
[ERROR - 2017-12-19T08:58:04.867Z] Session [b62c1bd0-e49a-11e7-a116-c974ee94438c] - page.onError - stack:
  global code (https://sp0.baidu.com/5a1Fazu8AA54nxGko9WTAnF6hhy/su?wd=pyt&json=1&p=3&sid=&csor=3&pwd=py&cb=jQuery110205212302540894598_1513673882064&_=1513673882068:1)

  phantomjs://platform/console++.js:263 in error
[ERROR - 2017-12-19T08:58:04.869Z] Session [b62c1bd0-e49a-11e7-a116-c974ee94438c] - page.onError - msg: TypeError: undefined is not a constructor (evaluating 'jQuery110205212302540894598_1513673882064')

  phantomjs://platform/console++.js:263 in error
[ERROR - 2017-12-19T08:58:04.870Z] Session [b62c1bd0-e49a-11e7-a116-c974ee94438c] - page.onError - stack:
  global code (https://sp0.baidu.com/5a1Fazu8AA54nxGko9WTAnF6hhy/su?wd=python&json=1&p=3&sid=&csor=6&pwd=pytho&cb=jQuery110205212302540894598_1513673882064&_=1513673882071:1)

  phantomjs://platform/console++.js:263 in error
[ERROR - 2017-12-19T08:58:05.107Z] Session [b62c1bd0-e49a-11e7-a116-c974ee94438c] - page.onError - msg: TypeError: undefined is not a constructor (evaluating 'jQuery110205212302540894598_1513673882064')

  phantomjs://platform/console++.js:263 in error
[ERROR - 2017-12-19T08:58:05.108Z] Session [b62c1bd0-e49a-11e7-a116-c974ee94438c] - page.onError - stack:
  global code (https://sp0.baidu.com/5a1Fazu8AA54nxGko9WTAnF6hhy/su?wd=python%20se&json=1&p=3&sid=&csor=9&pwd=python%20s&cb=jQuery110205212302540894598_1513673882064&_=1513673882074:1)

  phantomjs://platform/console++.js:263 in error
[ERROR - 2017-12-19T08:58:05.110Z] Session [b62c1bd0-e49a-11e7-a116-c974ee94438c] - page.onError - msg: TypeError: undefined is not a constructor (evaluating 'jQuery110205212302540894598_1513673882064')

  phantomjs://platform/console++.js:263 in error
[ERROR - 2017-12-19T08:58:05.110Z] Session [b62c1bd0-e49a-11e7-a116-c974ee94438c] - page.onError - stack:
  global code (https://sp0.baidu.com/5a1Fazu8AA54nxGko9WTAnF6hhy/su?wd=python%20&json=1&p=3&sid=&csor=7&pwd=python&cb=jQuery110205212302540894598_1513673882064&_=1513673882072:1)

  phantomjs://platform/console++.js:263 in error
[ERROR - 2017-12-19T08:58:05.111Z] Session [b62c1bd0-e49a-11e7-a116-c974ee94438c] - page.onError - msg: TypeError: undefined is not a constructor (evaluating 'jQuery110205212302540894598_1513673882064')

  phantomjs://platform/console++.js:263 in error
[ERROR - 2017-12-19T08:58:05.112Z] Session [b62c1bd0-e49a-11e7-a116-c974ee94438c] - page.onError - stack:
  global code (https://sp0.baidu.com/5a1Fazu8AA54nxGko9WTAnF6hhy/su?wd=python%20s&json=1&p=3&sid=&csor=8&pwd=python%20&cb=jQuery110205212302540894598_1513673882064&_=1513673882073:1)

  phantomjs://platform/console++.js:263 in error
[ERROR - 2017-12-19T08:58:05.113Z] Session [b62c1bd0-e49a-11e7-a116-c974ee94438c] - page.onError - msg: TypeError: undefined is not a constructor (evaluating 'jQuery110205212302540894598_1513673882064')

  phantomjs://platform/console++.js:263 in error
[ERROR - 2017-12-19T08:58:05.113Z] Session [b62c1bd0-e49a-11e7-a116-c974ee94438c] - page.onError - stack:
  global code (https://sp0.baidu.com/5a1Fazu8AA54nxGko9WTAnF6hhy/su?wd=python%20selen&json=1&p=3&sid=&csor=12&pwd=python%20sele&cb=jQuery110205212302540894598_1513673882064&_=1513673882077:1)

  phantomjs://platform/console++.js:263 in error
[ERROR - 2017-12-19T08:58:05.115Z] Session [b62c1bd0-e49a-11e7-a116-c974ee94438c] - page.onError - msg: TypeError: undefined is not a constructor (evaluating 'jQuery110205212302540894598_1513673882064')

  phantomjs://platform/console++.js:263 in error
[ERROR - 2017-12-19T08:58:05.115Z] Session [b62c1bd0-e49a-11e7-a116-c974ee94438c] - page.onError - stack:
  global code (https://sp0.baidu.com/5a1Fazu8AA54nxGko9WTAnF6hhy/su?wd=python%20sel&json=1&p=3&sid=&csor=10&pwd=python%20se&cb=jQuery110205212302540894598_1513673882064&_=1513673882075:1)

  phantomjs://platform/console++.js:263 in error
[ERROR - 2017-12-19T08:58:05.117Z] Session [b62c1bd0-e49a-11e7-a116-c974ee94438c] - page.onError - msg: TypeError: undefined is not a constructor (evaluating 'jQuery110205212302540894598_1513673882064')

  phantomjs://platform/console++.js:263 in error
[ERROR - 2017-12-19T08:58:05.117Z] Session [b62c1bd0-e49a-11e7-a116-c974ee94438c] - page.onError - stack:
  global code (https://sp0.baidu.com/5a1Fazu8AA54nxGko9WTAnF6hhy/su?wd=python%20sele&json=1&p=3&sid=&csor=11&pwd=python%20sel&cb=jQuery110205212302540894598_1513673882064&_=1513673882076:1)

  phantomjs://platform/console++.js:263 in error
[ERROR - 2017-12-19T08:58:05.148Z] Session [b62c1bd0-e49a-11e7-a116-c974ee94438c] - page.onError - msg: TypeError: undefined is not a constructor (evaluating 'jQuery110205212302540894598_1513673882064')

  phantomjs://platform/console++.js:263 in error
[ERROR - 2017-12-19T08:58:05.149Z] Session [b62c1bd0-e49a-11e7-a116-c974ee94438c] - page.onError - stack:
  global code (https://sp0.baidu.com/5a1Fazu8AA54nxGko9WTAnF6hhy/su?wd=python%20seleni&json=1&p=3&sid=&csor=13&pwd=python%20selen&cb=jQuery110205212302540894598_1513673882064&_=1513673882078:1)

  phantomjs://platform/console++.js:263 in error
[ERROR - 2017-12-19T08:58:05.150Z] Session [b62c1bd0-e49a-11e7-a116-c974ee94438c] - page.onError - msg: TypeError: undefined is not a constructor (evaluating 'jQuery110205212302540894598_1513673882064')

  phantomjs://platform/console++.js:263 in error
[ERROR - 2017-12-19T08:58:05.150Z] Session [b62c1bd0-e49a-11e7-a116-c974ee94438c] - page.onError - stack:
  global code (https://sp0.baidu.com/5a1Fazu8AA54nxGko9WTAnF6hhy/su?wd=python%20selenium&json=1&p=3&sid=&csor=15&pwd=python%20seleniu&cb=jQuery110205212302540894598_1513673882064&_=1513673882080:1)

  phantomjs://platform/console++.js:263 in error
[ERROR - 2017-12-19T08:58:05.151Z] Session [b62c1bd0-e49a-11e7-a116-c974ee94438c] - page.onError - msg: TypeError: undefined is not a constructor (evaluating 'jQuery110205212302540894598_1513673882064')

  phantomjs://platform/console++.js:263 in error
[ERROR - 2017-12-19T08:58:05.151Z] Session [b62c1bd0-e49a-11e7-a116-c974ee94438c] - page.onError - stack:
  global code (https://sp0.baidu.com/5a1Fazu8AA54nxGko9WTAnF6hhy/su?wd=python%20seleniu&json=1&p=3&sid=&csor=14&pwd=python%20seleni&cb=jQuery110205212302540894598_1513673882064&_=1513673882079:1)

  phantomjs://platform/console++.js:263 in error
[INFO  - 2017-12-19T09:02:55.982Z] SessionManagerReqHand - _cleanupWindowlessSessions - Asynchronous Sessions clean-up phase starting NOW
